ahmadreza,2019-09-04 17:33:55.729854+00:00,login
ahmadreza,2019-09-04 17:35:09.106468+00:00,logout
ahmadreza,2019-09-04 17:39:05.282160+00:00,login
ahmadreza,2019-09-04 17:39:51.288264+00:00,logout
ahmadreza,2019-09-04 17:39:58.813439+00:00,login
ahmadreza,2019-09-04 17:41:14.029626+00:00,logout
ali,2019-09-04 17:41:22.168985+00:00,login
ahmadreza,2019-09-04 17:46:15.774132+00:00,logout
ali,2019-09-04 17:46:25.000649+00:00,login
ali,2019-09-04 17:46:32.973044+00:00,logout
ahmadreza,2019-09-04 18:54:28.683313+00:00,login
ahmadreza,2019-09-04 18:54:34.824107+00:00,logout
ahmadreza,2019-09-04 20:31:06.205362+00:00,login
ahmadreza,2019-09-04 20:31:19.627528+00:00,logout
ahmadreza,2019-09-04 20:51:01.358567+00:00,login
ahmadreza,2019-09-04 21:02:52.222209+00:00,logout
ahmadreza,2019-09-05 07:29:45.614204+00:00,login
ahmadreza,2019-09-05 07:30:00.984074+00:00,logout
farid,2019-09-05 20:19:01.793254+00:00,login
farid,2019-09-05 20:19:07.713728+00:00,logout
ahmadreza,2019-09-08 18:46:50.839092+00:00,login
ahmadreza,2019-09-08 18:58:01.315561+00:00,logout
ahmadreza,2019-09-08 19:02:36.057604+00:00,login
ahmadreza,2019-09-08 19:02:42.755442+00:00,logout
ahmadreza,2019-09-08 19:03:35.915915+00:00,login
ahmadreza,2019-09-08 20:01:45.924624+00:00,login
ahmadreza,2019-09-08 20:34:13.336032+00:00,logout
ahmadreza,2019-09-08 20:34:15.309214+00:00,login
ahmadreza,2019-09-08 20:34:45.289547+00:00,logout
ahmadreza,2019-09-08 20:34:49.777360+00:00,login
ahmadreza,2019-09-08 20:35:15.532674+00:00,logout
ahmadreza,2019-09-08 20:35:16.991279+00:00,login
ahmadreza,2019-09-09 07:07:24.990086+00:00,logout
ahmadreza,2019-09-09 07:07:49.587788+00:00,login
ahmadreza,2019-09-09 07:24:02.801621+00:00,logout
ahmadreza,2019-09-09 07:24:04.531970+00:00,login
ahmadreza,2019-09-09 08:21:40.236668+00:00,logout
ahmadreza,2019-09-09 08:22:01.344973+00:00,login
ahmadreza,2019-09-09 08:24:15.394799+00:00,logout
ahmadreza,2019-09-09 08:24:17.133927+00:00,login
ahmadreza,2019-09-09 08:24:19.813225+00:00,logout
ahmadreza,2019-09-09 08:24:30.959731+00:00,login
ahmadreza,2019-09-09 08:24:38.358704+00:00,login
ahmadreza,2019-09-09 08:50:37.084426+00:00,logout
ahmadreza,2019-09-09 08:50:38.510207+00:00,login
ahmadreza,2019-09-09 09:18:46.990866+00:00,login
